CRITICAL - 2026-01-21 05:47:15 --> The action you requested is not allowed.
in SYSTEMPATH/Security/Security.php on line 306.
 1 SYSTEMPATH/Security/Security.php(306): CodeIgniter\Security\Exceptions\SecurityException::forDisallowedAction()
 2 SYSTEMPATH/Filters/CSRF.php(55): CodeIgniter\Security\Security->verify(Object(CodeIgniter\HTTP\IncomingRequest))
 3 SYSTEMPATH/Filters/Filters.php(173): CodeIgniter\Filters\CSRF->before(Object(CodeIgniter\HTTP\IncomingRequest), null)
 4 SYSTEMPATH/CodeIgniter.php(473): CodeIgniter\Filters\Filters->run('projects/show_my_open_timers/', 'before')
 5 SYSTEMPATH/CodeIgniter.php(368): CodeIgniter\CodeIgniter->handleRequest(null, Object(Config\Cache), false)
 6 FCPATH/index.php(80): CodeIgniter\CodeIgniter->run()
CRITICAL - 2026-01-21 05:47:15 --> The action you requested is not allowed.
in SYSTEMPATH/Security/Security.php on line 306.
 1 SYSTEMPATH/Security/Security.php(306): CodeIgniter\Security\Exceptions\SecurityException::forDisallowedAction()
 2 SYSTEMPATH/Filters/CSRF.php(55): CodeIgniter\Security\Security->verify(Object(CodeIgniter\HTTP\IncomingRequest))
 3 SYSTEMPATH/Filters/Filters.php(173): CodeIgniter\Filters\CSRF->before(Object(CodeIgniter\HTTP\IncomingRequest), null)
 4 SYSTEMPATH/CodeIgniter.php(473): CodeIgniter\Filters\Filters->run('projects/show_my_open_timers/', 'before')
 5 SYSTEMPATH/CodeIgniter.php(368): CodeIgniter\CodeIgniter->handleRequest(null, Object(Config\Cache), false)
 6 FCPATH/index.php(80): CodeIgniter\CodeIgniter->run()
CRITICAL - 2026-01-21 05:47:15 --> The action you requested is not allowed.
in SYSTEMPATH/Security/Security.php on line 306.
 1 SYSTEMPATH/Security/Security.php(306): CodeIgniter\Security\Exceptions\SecurityException::forDisallowedAction()
 2 SYSTEMPATH/Filters/CSRF.php(55): CodeIgniter\Security\Security->verify(Object(CodeIgniter\HTTP\IncomingRequest))
 3 SYSTEMPATH/Filters/Filters.php(173): CodeIgniter\Filters\CSRF->before(Object(CodeIgniter\HTTP\IncomingRequest), null)
 4 SYSTEMPATH/CodeIgniter.php(473): CodeIgniter\Filters\Filters->run('projects/show_my_open_timers/', 'before')
 5 SYSTEMPATH/CodeIgniter.php(368): CodeIgniter\CodeIgniter->handleRequest(null, Object(Config\Cache), false)
 6 FCPATH/index.php(80): CodeIgniter\CodeIgniter->run()
CRITICAL - 2026-01-21 05:47:15 --> The action you requested is not allowed.
in SYSTEMPATH/Security/Security.php on line 306.
 1 SYSTEMPATH/Security/Security.php(306): CodeIgniter\Security\Exceptions\SecurityException::forDisallowedAction()
 2 SYSTEMPATH/Filters/CSRF.php(55): CodeIgniter\Security\Security->verify(Object(CodeIgniter\HTTP\IncomingRequest))
 3 SYSTEMPATH/Filters/Filters.php(173): CodeIgniter\Filters\CSRF->before(Object(CodeIgniter\HTTP\IncomingRequest), null)
 4 SYSTEMPATH/CodeIgniter.php(473): CodeIgniter\Filters\Filters->run('projects/show_my_open_timers/', 'before')
 5 SYSTEMPATH/CodeIgniter.php(368): CodeIgniter\CodeIgniter->handleRequest(null, Object(Config\Cache), false)
 6 FCPATH/index.php(80): CodeIgniter\CodeIgniter->run()
CRITICAL - 2026-01-21 06:41:50 --> Unsupported operand types: string * string
in APPPATH/Controllers/Proposals.php on line 527.
 1 SYSTEMPATH/CodeIgniter.php(934): App\Controllers\Proposals->save_item()
 2 SYSTEMPATH/CodeIgniter.php(499): CodeIgniter\CodeIgniter->runController(Object(App\Controllers\Proposals))
 3 SYSTEMPATH/CodeIgniter.php(368): CodeIgniter\CodeIgniter->handleRequest(null, Object(Config\Cache), false)
 4 FCPATH/index.php(80): CodeIgniter\CodeIgniter->run()
WARNING - 2026-01-21 06:45:38 --> [DEPRECATED] hex2bin(): Passing null to parameter #1 ($string) of type string is deprecated in APPPATH/Helpers/general_helper.php on line 438.
 1 APPPATH/Helpers/general_helper.php(438): hex2bin(null)
 2 APPPATH/Controllers/Events.php(33): decode_id(null, 'event_id')
 3 SYSTEMPATH/CodeIgniter.php(934): App\Controllers\Events->modal_form()
 4 SYSTEMPATH/CodeIgniter.php(499): CodeIgniter\CodeIgniter->runController(Object(App\Controllers\Events))
 5 SYSTEMPATH/CodeIgniter.php(368): CodeIgniter\CodeIgniter->handleRequest(null, Object(Config\Cache), false)
 6 FCPATH/index.php(80): CodeIgniter\CodeIgniter->run()
WARNING - 2026-01-21 06:47:02 --> [DEPRECATED] hex2bin(): Passing null to parameter #1 ($string) of type string is deprecated in APPPATH/Helpers/general_helper.php on line 438.
 1 APPPATH/Helpers/general_helper.php(438): hex2bin(null)
 2 APPPATH/Controllers/Events.php(33): decode_id(null, 'event_id')
 3 SYSTEMPATH/CodeIgniter.php(934): App\Controllers\Events->modal_form()
 4 SYSTEMPATH/CodeIgniter.php(499): CodeIgniter\CodeIgniter->runController(Object(App\Controllers\Events))
 5 SYSTEMPATH/CodeIgniter.php(368): CodeIgniter\CodeIgniter->handleRequest(null, Object(Config\Cache), false)
 6 FCPATH/index.php(80): CodeIgniter\CodeIgniter->run()
WARNING - 2026-01-21 06:47:04 --> [DEPRECATED] hex2bin(): Passing null to parameter #1 ($string) of type string is deprecated in APPPATH/Helpers/general_helper.php on line 438.
 1 APPPATH/Helpers/general_helper.php(438): hex2bin(null)
 2 APPPATH/Controllers/Events.php(33): decode_id(null, 'event_id')
 3 SYSTEMPATH/CodeIgniter.php(934): App\Controllers\Events->modal_form()
 4 SYSTEMPATH/CodeIgniter.php(499): CodeIgniter\CodeIgniter->runController(Object(App\Controllers\Events))
 5 SYSTEMPATH/CodeIgniter.php(368): CodeIgniter\CodeIgniter->handleRequest(null, Object(Config\Cache), false)
 6 FCPATH/index.php(80): CodeIgniter\CodeIgniter->run()
WARNING - 2026-01-21 06:49:35 --> [DEPRECATED] hex2bin(): Passing null to parameter #1 ($string) of type string is deprecated in APPPATH/Helpers/general_helper.php on line 438.
 1 APPPATH/Helpers/general_helper.php(438): hex2bin(null)
 2 APPPATH/Controllers/Events.php(33): decode_id(null, 'event_id')
 3 SYSTEMPATH/CodeIgniter.php(934): App\Controllers\Events->modal_form()
 4 SYSTEMPATH/CodeIgniter.php(499): CodeIgniter\CodeIgniter->runController(Object(App\Controllers\Events))
 5 SYSTEMPATH/CodeIgniter.php(368): CodeIgniter\CodeIgniter->handleRequest(null, Object(Config\Cache), false)
 6 FCPATH/index.php(80): CodeIgniter\CodeIgniter->run()
WARNING - 2026-01-21 06:49:39 --> [DEPRECATED] hex2bin(): Passing null to parameter #1 ($string) of type string is deprecated in APPPATH/Helpers/general_helper.php on line 438.
 1 APPPATH/Helpers/general_helper.php(438): hex2bin(null)
 2 APPPATH/Controllers/Events.php(33): decode_id(null, 'event_id')
 3 SYSTEMPATH/CodeIgniter.php(934): App\Controllers\Events->modal_form()
 4 SYSTEMPATH/CodeIgniter.php(499): CodeIgniter\CodeIgniter->runController(Object(App\Controllers\Events))
 5 SYSTEMPATH/CodeIgniter.php(368): CodeIgniter\CodeIgniter->handleRequest(null, Object(Config\Cache), false)
 6 FCPATH/index.php(80): CodeIgniter\CodeIgniter->run()
ERROR - 2026-01-21 06:51:16 --> Email: Unable to send email using SMTP. Your server might not be configured to send mail using this method.
ERROR - 2026-01-21 06:51:16 --> 220 smtp.gmail.com ESMTP ffacd0b85a97d-4358f138e26sm11379957f8f.17 - gsmtp

hello: 250-smtp.gmail.com at your service, [2a12:d280:100:67::]
250-SIZE 35882577
250-8BITMIME
250-STARTTLS
250-ENHANCEDSTATUSCODES
250-PIPELINING
250-CHUNKING
250 SMTPUTF8

starttls: 220 2.0.0 Ready to start TLS

hello: 250-smtp.gmail.com at your service, [2a12:d280:100:67::]
250-SIZE 35882577
250-8BITMIME
250-AUTH LOGIN PLAIN XOAUTH2 PLAIN-CLIENTTOKEN OAUTHBEARER XOAUTH
250-ENHANCEDSTATUSCODES
250-PIPELINING
250-CHUNKING
250 SMTPUTF8

Failed to authenticate password. Error: 535-5.7.8 Username and Password not accepted. For more information, go to
535 5.7.8  https://support.google.com/mail/?p=BadCredentials ffacd0b85a97d-4358f138e26sm11379957f8f.17 - gsmtp

WARNING - 2026-01-21 07:02:41 --> [DEPRECATED] hex2bin(): Passing null to parameter #1 ($string) of type string is deprecated in APPPATH/Helpers/general_helper.php on line 438.
 1 APPPATH/Helpers/general_helper.php(438): hex2bin(null)
 2 APPPATH/Controllers/Events.php(33): decode_id(null, 'event_id')
 3 SYSTEMPATH/CodeIgniter.php(934): App\Controllers\Events->modal_form()
 4 SYSTEMPATH/CodeIgniter.php(499): CodeIgniter\CodeIgniter->runController(Object(App\Controllers\Events))
 5 SYSTEMPATH/CodeIgniter.php(368): CodeIgniter\CodeIgniter->handleRequest(null, Object(Config\Cache), false)
 6 FCPATH/index.php(80): CodeIgniter\CodeIgniter->run()
CRITICAL - 2026-01-21 09:18:04 --> The action you requested is not allowed.
in SYSTEMPATH/Security/Security.php on line 306.
 1 SYSTEMPATH/Security/Security.php(306): CodeIgniter\Security\Exceptions\SecurityException::forDisallowedAction()
 2 SYSTEMPATH/Filters/CSRF.php(55): CodeIgniter\Security\Security->verify(Object(CodeIgniter\HTTP\IncomingRequest))
 3 SYSTEMPATH/Filters/Filters.php(173): CodeIgniter\Filters\CSRF->before(Object(CodeIgniter\HTTP\IncomingRequest), null)
 4 SYSTEMPATH/CodeIgniter.php(473): CodeIgniter\Filters\Filters->run('projects/task_view', 'before')
 5 SYSTEMPATH/CodeIgniter.php(368): CodeIgniter\CodeIgniter->handleRequest(null, Object(Config\Cache), false)
 6 FCPATH/index.php(80): CodeIgniter\CodeIgniter->run()
