CRITICAL - 2025-11-27 03:06:32 --> The action you requested is not allowed.
in SYSTEMPATH/Security/Security.php on line 306.
 1 SYSTEMPATH/Security/Security.php(306): CodeIgniter\Security\Exceptions\SecurityException::forDisallowedAction()
 2 SYSTEMPATH/Filters/CSRF.php(55): CodeIgniter\Security\Security->verify(Object(CodeIgniter\HTTP\IncomingRequest))
 3 SYSTEMPATH/Filters/Filters.php(173): CodeIgniter\Filters\CSRF->before(Object(CodeIgniter\HTTP\IncomingRequest), null)
 4 SYSTEMPATH/CodeIgniter.php(473): CodeIgniter\Filters\Filters->run('projects/my_tasks_list_data', 'before')
 5 SYSTEMPATH/CodeIgniter.php(368): CodeIgniter\CodeIgniter->handleRequest(null, Object(Config\Cache), false)
 6 FCPATH/index.php(80): CodeIgniter\CodeIgniter->run()
CRITICAL - 2025-11-27 05:22:31 --> The action you requested is not allowed.
in SYSTEMPATH/Security/Security.php on line 306.
 1 SYSTEMPATH/Security/Security.php(306): CodeIgniter\Security\Exceptions\SecurityException::forDisallowedAction()
 2 SYSTEMPATH/Filters/CSRF.php(55): CodeIgniter\Security\Security->verify(Object(CodeIgniter\HTTP\IncomingRequest))
 3 SYSTEMPATH/Filters/Filters.php(173): CodeIgniter\Filters\CSRF->before(Object(CodeIgniter\HTTP\IncomingRequest), null)
 4 SYSTEMPATH/CodeIgniter.php(473): CodeIgniter\Filters\Filters->run('projects/show_my_open_timers/', 'before')
 5 SYSTEMPATH/CodeIgniter.php(368): CodeIgniter\CodeIgniter->handleRequest(null, Object(Config\Cache), false)
 6 FCPATH/index.php(80): CodeIgniter\CodeIgniter->run()
CRITICAL - 2025-11-27 05:22:31 --> The action you requested is not allowed.
in SYSTEMPATH/Security/Security.php on line 306.
 1 SYSTEMPATH/Security/Security.php(306): CodeIgniter\Security\Exceptions\SecurityException::forDisallowedAction()
 2 SYSTEMPATH/Filters/CSRF.php(55): CodeIgniter\Security\Security->verify(Object(CodeIgniter\HTTP\IncomingRequest))
 3 SYSTEMPATH/Filters/Filters.php(173): CodeIgniter\Filters\CSRF->before(Object(CodeIgniter\HTTP\IncomingRequest), null)
 4 SYSTEMPATH/CodeIgniter.php(473): CodeIgniter\Filters\Filters->run('projects/show_my_open_timers/', 'before')
 5 SYSTEMPATH/CodeIgniter.php(368): CodeIgniter\CodeIgniter->handleRequest(null, Object(Config\Cache), false)
 6 FCPATH/index.php(80): CodeIgniter\CodeIgniter->run()
CRITICAL - 2025-11-27 07:04:29 --> The action you requested is not allowed.
in SYSTEMPATH/Security/Security.php on line 306.
 1 SYSTEMPATH/Security/Security.php(306): CodeIgniter\Security\Exceptions\SecurityException::forDisallowedAction()
 2 SYSTEMPATH/Filters/CSRF.php(55): CodeIgniter\Security\Security->verify(Object(CodeIgniter\HTTP\IncomingRequest))
 3 SYSTEMPATH/Filters/Filters.php(173): CodeIgniter\Filters\CSRF->before(Object(CodeIgniter\HTTP\IncomingRequest), null)
 4 SYSTEMPATH/CodeIgniter.php(473): CodeIgniter\Filters\Filters->run('projects/stop_timer_modal_form/397', 'before')
 5 SYSTEMPATH/CodeIgniter.php(368): CodeIgniter\CodeIgniter->handleRequest(null, Object(Config\Cache), false)
 6 FCPATH/index.php(80): CodeIgniter\CodeIgniter->run()
CRITICAL - 2025-11-27 09:54:58 --> The action you requested is not allowed.
in SYSTEMPATH/Security/Security.php on line 306.
 1 SYSTEMPATH/Security/Security.php(306): CodeIgniter\Security\Exceptions\SecurityException::forDisallowedAction()
 2 SYSTEMPATH/Filters/CSRF.php(55): CodeIgniter\Security\Security->verify(Object(CodeIgniter\HTTP\IncomingRequest))
 3 SYSTEMPATH/Filters/Filters.php(173): CodeIgniter\Filters\CSRF->before(Object(CodeIgniter\HTTP\IncomingRequest), null)
 4 SYSTEMPATH/CodeIgniter.php(473): CodeIgniter\Filters\Filters->run('projects/my_tasks_list_data', 'before')
 5 SYSTEMPATH/CodeIgniter.php(368): CodeIgniter\CodeIgniter->handleRequest(null, Object(Config\Cache), false)
 6 FCPATH/index.php(80): CodeIgniter\CodeIgniter->run()
WARNING - 2025-11-27 10:28:37 --> [DEPRECATED] password_hash(): Passing null to parameter #1 ($password) of type string is deprecated in APPPATH/Controllers/Clients.php on line 945.
 1 APPPATH/Controllers/Clients.php(945): password_hash(null, '2y')
 2 SYSTEMPATH/CodeIgniter.php(934): App\Controllers\Clients->save_contact()
 3 SYSTEMPATH/CodeIgniter.php(499): CodeIgniter\CodeIgniter->runController(Object(App\Controllers\Clients))
 4 SYSTEMPATH/CodeIgniter.php(368): CodeIgniter\CodeIgniter->handleRequest(null, Object(Config\Cache), false)
 5 FCPATH/index.php(80): CodeIgniter\CodeIgniter->run()
CRITICAL - 2025-11-27 10:49:54 --> The action you requested is not allowed.
in SYSTEMPATH/Security/Security.php on line 306.
 1 SYSTEMPATH/Security/Security.php(306): CodeIgniter\Security\Exceptions\SecurityException::forDisallowedAction()
 2 SYSTEMPATH/Filters/CSRF.php(55): CodeIgniter\Security\Security->verify(Object(CodeIgniter\HTTP\IncomingRequest))
 3 SYSTEMPATH/Filters/Filters.php(173): CodeIgniter\Filters\CSRF->before(Object(CodeIgniter\HTTP\IncomingRequest), null)
 4 SYSTEMPATH/CodeIgniter.php(473): CodeIgniter\Filters\Filters->run('projects/timelog_modal_form', 'before')
 5 SYSTEMPATH/CodeIgniter.php(368): CodeIgniter\CodeIgniter->handleRequest(null, Object(Config\Cache), false)
 6 FCPATH/index.php(80): CodeIgniter\CodeIgniter->run()
CRITICAL - 2025-11-27 11:34:27 --> The action you requested is not allowed.
in SYSTEMPATH/Security/Security.php on line 306.
 1 SYSTEMPATH/Security/Security.php(306): CodeIgniter\Security\Exceptions\SecurityException::forDisallowedAction()
 2 SYSTEMPATH/Filters/CSRF.php(55): CodeIgniter\Security\Security->verify(Object(CodeIgniter\HTTP\IncomingRequest))
 3 SYSTEMPATH/Filters/Filters.php(173): CodeIgniter\Filters\CSRF->before(Object(CodeIgniter\HTTP\IncomingRequest), null)
 4 SYSTEMPATH/CodeIgniter.php(473): CodeIgniter\Filters\Filters->run('projects/stop_timer_modal_form/397', 'before')
 5 SYSTEMPATH/CodeIgniter.php(368): CodeIgniter\CodeIgniter->handleRequest(null, Object(Config\Cache), false)
 6 FCPATH/index.php(80): CodeIgniter\CodeIgniter->run()
